<?xml version="1.0" encoding="UTF-8"?>
<testsuite name="com.lyit.FoodTest" tests="15" skipped="0" failures="0" errors="0" timestamp="2022-04-27T13:50:06" hostname="BIGBOX" time="0.072">
  <properties/>
  <testcase name="foodConstructor_CaloriesOutOfRange_ExpectException[0](Apple, 0.182, 2, 0, Mouldy, 5080)" classname="com.lyit.FoodTest" time="0.0"/>
  <testcase name="foodConstructor_CaloriesOutOfRange_ExpectException[1](Banana, 0.98, 3, 0, Fresh, -1524)" classname="com.lyit.FoodTest" time="0.0"/>
  <testcase name="foodConstructor_ValidConstructor_Passed[0](Apple, 0.182, 2, 1, Mouldy, 58)" classname="com.lyit.FoodTest" time="0.0"/>
  <testcase name="foodConstructor_ValidConstructor_Passed[1](Banana, 0.98, 4, 1, Fresh, 92)" classname="com.lyit.FoodTest" time="0.0"/>
  <testcase name="foodConstructor_ValidConstructor_Passed[2](Buffet, 25, 50, 1, Fresh, 1000)" classname="com.lyit.FoodTest" time="0.0"/>
  <testcase name="foodConstructor_ValidConstructor_Passed[3](Poison Apple, 0.182, 2, 1, Mouldy, -58)" classname="com.lyit.FoodTest" time="0.0"/>
  <testcase name="foodConstructor_ValidConstructor_Passed[4](Poison Buffet, 25, 50, 1, Fresh, -1000)" classname="com.lyit.FoodTest" time="0.0"/>
  <testcase name="setCalorie_CorrectValue_Passed[0](-5000)" classname="com.lyit.FoodTest" time="0.0"/>
  <testcase name="setCalorie_CorrectValue_Passed[1](-1001)" classname="com.lyit.FoodTest" time="0.0"/>
  <testcase name="setCalorie_CorrectValue_Passed[2](1001)" classname="com.lyit.FoodTest" time="0.0"/>
  <testcase name="setCalorie_CorrectValue_Passed[3](5001)" classname="com.lyit.FoodTest" time="0.0"/>
  <testcase name="setCalorie_OutsideRange_ExpectException[0](-5000)" classname="com.lyit.FoodTest" time="0.0"/>
  <testcase name="setCalorie_OutsideRange_ExpectException[1](-1001)" classname="com.lyit.FoodTest" time="0.0"/>
  <testcase name="setCalorie_OutsideRange_ExpectException[2](1001)" classname="com.lyit.FoodTest" time="0.0"/>
  <testcase name="setCalorie_OutsideRange_ExpectException[3](5001)" classname="com.lyit.FoodTest" time="0.0"/>
  <system-out><![CDATA[]]></system-out>
  <system-err><![CDATA[]]></system-err>
</testsuite>
