<?xml version="1.0" encoding="UTF-8"?>
<testsuite name="com.lyit.GameCharacterDeadTest" tests="19" skipped="0" failures="0" errors="0" timestamp="2022-04-27T13:50:06" hostname="BIGBOX" time="0.016">
  <properties/>
  <testcase name="characterDead_Attack_NoChange" classname="com.lyit.GameCharacterDeadTest" time="0.0"/>
  <testcase name="characterDead_Defend_NoChange" classname="com.lyit.GameCharacterDeadTest" time="0.0"/>
  <testcase name="characterDead_DropItem_NoChange" classname="com.lyit.GameCharacterDeadTest" time="0.0"/>
  <testcase name="characterDead_Eat_NoChange" classname="com.lyit.GameCharacterDeadTest" time="0.0"/>
  <testcase name="characterDead_EquipArmour_NoChange" classname="com.lyit.GameCharacterDeadTest" time="0.0"/>
  <testcase name="characterDead_EquipWeapon_NoChange" classname="com.lyit.GameCharacterDeadTest" time="0.0"/>
  <testcase name="characterDead_PickUpItem_NoChange" classname="com.lyit.GameCharacterDeadTest" time="0.0"/>
  <testcase name="characterDead_Run_NoChange" classname="com.lyit.GameCharacterDeadTest" time="0.0"/>
  <testcase name="characterDead_SetCharacterState_NoChange" classname="com.lyit.GameCharacterDeadTest" time="0.0"/>
  <testcase name="characterDead_SetHealth_NoChange" classname="com.lyit.GameCharacterDeadTest" time="0.0"/>
  <testcase name="characterDead_SetName_NoChange" classname="com.lyit.GameCharacterDeadTest" time="0.0"/>
  <testcase name="characterDead_SetTotalWeightItems_NoChange" classname="com.lyit.GameCharacterDeadTest" time="0.0"/>
  <testcase name="characterDead_SetWeightLimit_NoChange" classname="com.lyit.GameCharacterDeadTest" time="0.0"/>
  <testcase name="characterDead_Sleep_NoChange" classname="com.lyit.GameCharacterDeadTest" time="0.0"/>
  <testcase name="characterDead_Sleep_NoHealthChange" classname="com.lyit.GameCharacterDeadTest" time="0.0"/>
  <testcase name="characterDead_UnEquipWeapon_NoChange" classname="com.lyit.GameCharacterDeadTest" time="0.0"/>
  <testcase name="characterDead_WakeUp_NoChange" classname="com.lyit.GameCharacterDeadTest" time="0.0"/>
  <testcase name="characterDead_Walk_NoChange" classname="com.lyit.GameCharacterDeadTest" time="0.0"/>
  <testcase name="checkCharacterDead_HealthAtZero_Passed" classname="com.lyit.GameCharacterDeadTest" time="0.0"/>
  <system-out><![CDATA[]]></system-out>
  <system-err><![CDATA[]]></system-err>
</testsuite>
